""
t=2022-08-11T18:25:51-0500 lvl=info msg="starting web service" obj=web addr=localhost:4046
t=2022-08-11T18:25:51-0500 lvl=info msg=start pg=/grpc/agent.Web/State id=142442c40e1dcf21
t=2022-08-11T18:25:51-0500 lvl=info msg="tunnel session started" obj=tunnels.session
t=2022-08-11T18:25:51-0500 lvl=info msg="client session established" obj=csess id=c96dc717faf5
t=2022-08-11T18:25:51-0500 lvl=info msg="started tunnel" obj=tunnels name=ssh addr=//localhost:22 url=tcp://0.tcp.sa.ngrok.io:19960
t=2022-08-11T18:25:51-0500 lvl=info msg="started tunnel" obj=tunnels name=web addr=http://localhost:80 url=https://1493-2800-200-f828-80a1-24cb-859a-8238-72e.sa.ngrok.io
t=2022-08-11T19:14:38-0500 lvl=warn msg="failed to open private leg" id=c27153ffa83b privaddr=localhost:80 err="dial tcp [::1]:80: connectex: No connection could be made because the target machine actively refused it."
t=2022-08-11T19:14:53-0500 lvl=warn msg="failed to open private leg" id=599732a2e4d5 privaddr=localhost:80 err="dial tcp [::1]:80: connectex: No connection could be made because the target machine actively refused it."
t=2022-08-11T19:14:53-0500 lvl=warn msg="failed to open private leg" id=9ae53bd540a0 privaddr=localhost:80 err="dial tcp [::1]:80: connectex: No connection could be made because the target machine actively refused it."
t=2022-08-11T19:14:57-0500 lvl=warn msg="failed to open private leg" id=6aece211de32 privaddr=localhost:80 err="dial tcp [::1]:80: connectex: No connection could be made because the target machine actively refused it."
t=2022-08-11T19:14:58-0500 lvl=warn msg="failed to open private leg" id=c9110a4abc6f privaddr=localhost:80 err="dial tcp [::1]:80: connectex: No connection could be made because the target machine actively refused it."
t=2022-08-11T19:15:47-0500 lvl=info msg="join connections" obj=join id=d2b947aa3f93 l=[::1]:80 r=[2800:200:f828:80a1:24cb:859a:8238:72e]:4245
t=2022-08-11T19:15:58-0500 lvl=info msg="join connections" obj=join id=72badbc304c6 l=[::1]:80 r=[2800:200:f828:80a1:24cb:859a:8238:72e]:4250
t=2022-08-11T19:16:26-0500 lvl=eror msg="heartbeat timeout, terminating session" obj=csess id=fbce17075f1f clientid=596436863ba582760e52245caf0099b9
t=2022-08-11T19:16:26-0500 lvl=eror msg="session closed, starting reconnect loop" obj=csess id=c96dc717faf5 err="session closed"
t=2022-08-11T19:16:26-0500 lvl=eror msg="failed to reconnect session" obj=csess id=c96dc717faf5 err="dial tcp: lookup tunnel.sa.ngrok.com: no such host"
t=2022-08-11T19:16:27-0500 lvl=eror msg="failed to reconnect session" obj=csess id=c96dc717faf5 err="dial tcp: lookup tunnel.sa.ngrok.com: no such host"
t=2022-08-11T19:16:27-0500 lvl=eror msg="failed to reconnect session" obj=csess id=c96dc717faf5 err="Get \"https://dns.google.com/resolve?name=tunnel.sa.ngrok.com&type=AAAA\": dial tcp: lookup dns.google.com: no such host"
t=2022-08-11T19:16:29-0500 lvl=eror msg="failed to reconnect session" obj=csess id=c96dc717faf5 err="Get \"https://s3.amazonaws.com/dns.ngrok.com/tunnel.json\": dial tcp: lookup s3.amazonaws.com: no such host"
t=2022-08-11T19:16:30-0500 lvl=eror msg="failed to reconnect session" obj=csess id=c96dc717faf5 err="resolved tunnel.sa.ngrok.com has no records"
t=2022-08-11T19:16:32-0500 lvl=eror msg="failed to reconnect session" obj=csess id=c96dc717faf5 err="dial tcp: lookup tunnel.sa.ngrok.com: no such host"
t=2022-08-11T19:16:35-0500 lvl=eror msg="failed to reconnect session" obj=csess id=c96dc717faf5 err="Get \"https://dns.google.com/resolve?name=tunnel.sa.ngrok.com&type=A\": dial tcp: lookup dns.google.com: no such host"
t=2022-08-11T19:16:39-0500 lvl=eror msg="failed to reconnect session" obj=csess id=c96dc717faf5 err="Get \"https://s3.amazonaws.com/dns.ngrok.com/tunnel.json\": dial tcp: lookup s3.amazonaws.com: no such host"
t=2022-08-11T19:16:45-0500 lvl=eror msg="failed to reconnect session" obj=csess id=c96dc717faf5 err="resolved tunnel.sa.ngrok.com has no records"
t=2022-08-11T19:16:54-0500 lvl=eror msg="failed to reconnect session" obj=csess id=c96dc717faf5 err="dial tcp: lookup tunnel.sa.ngrok.com: no such host"
t=2022-08-11T19:17:08-0500 lvl=info msg="tunnel session started" obj=tunnels.session
t=2022-08-11T19:17:09-0500 lvl=info msg="client session established" obj=csess id=c96dc717faf5
t=2022-08-11T19:22:11-0500 lvl=info msg="join connections" obj=join id=7f1989670cb1 l=[::1]:80 r=[2800:200:f828:80a1:24cb:859a:8238:72e]:4509
t=2022-08-11T19:22:11-0500 lvl=info msg="join connections" obj=join id=c10594eb9b36 l=[::1]:80 r=[2800:200:f828:80a1:24cb:859a:8238:72e]:4509
t=2022-08-11T19:23:42-0500 lvl=info msg="join connections" obj=join id=a0dcf24b9b25 l=[::1]:80 r=[2800:200:f828:80a1:24cb:859a:8238:72e]:4568
t=2022-08-11T19:31:26-0500 lvl=eror msg="session closed, starting reconnect loop" obj=csess id=c96dc717faf5 err="read tcp [2800:200:f828:80a1:24cb:859a:8238:72e]:4353->[2600:1f1e:4e5::6e74:3]:443: wsarecv: An established connection was aborted by the software in your host machine."
t=2022-08-11T19:31:27-0500 lvl=info msg="tunnel session started" obj=tunnels.session
t=2022-08-11T19:31:28-0500 lvl=info msg="client session established" obj=csess id=c96dc717faf5
t=2022-08-11T19:31:43-0500 lvl=eror msg="heartbeat timeout, terminating session" obj=csess id=e2e6f9c0e95e clientid=596436863ba582760e52245caf0099b9
t=2022-08-11T19:49:02-0500 lvl=info msg=end pg=/grpc/agent.Web/State id=142442c40e1dcf21 status=200 dur=1h23m10.8565577s
t=2022-08-11T22:49:01-0500 lvl=eror msg="heartbeat timeout, terminating session" obj=csess id=ffa2063b2e38 clientid=596436863ba582760e52245caf0099b9
t=2022-08-11T22:49:01-0500 lvl=eror msg="session closed, starting reconnect loop" obj=csess id=c96dc717faf5 err="session closed"
t=2022-08-11T22:49:01-0500 lvl=eror msg="failed to reconnect session" obj=csess id=c96dc717faf5 err="dial tcp: lookup tunnel.sa.ngrok.com: no such host"
t=2022-08-11T22:49:02-0500 lvl=eror msg="failed to reconnect session" obj=csess id=c96dc717faf5 err="dial tcp: lookup tunnel.sa.ngrok.com: no such host"
t=2022-08-11T22:49:02-0500 lvl=eror msg="failed to reconnect session" obj=csess id=c96dc717faf5 err="Get \"https://dns.google.com/resolve?name=tunnel.sa.ngrok.com&type=A\": dial tcp: lookup dns.google.com: no such host"
t=2022-08-11T22:49:04-0500 lvl=eror msg="failed to reconnect session" obj=csess id=c96dc717faf5 err="Get \"https://s3.amazonaws.com/dns.ngrok.com/tunnel.json\": dial tcp: lookup s3.amazonaws.com: no such host"
t=2022-08-11T22:49:05-0500 lvl=eror msg="failed to reconnect session" obj=csess id=c96dc717faf5 err="resolved tunnel.sa.ngrok.com has no records"
t=2022-08-11T22:49:08-0500 lvl=eror msg="failed to reconnect session" obj=csess id=c96dc717faf5 err="dial tcp: lookup tunnel.sa.ngrok.com: no such host"
t=2022-08-11T22:49:11-0500 lvl=eror msg="failed to reconnect session" obj=csess id=c96dc717faf5 err="Get \"https://dns.google.com/resolve?name=tunnel.sa.ngrok.com&type=A\": dial tcp: lookup dns.google.com: no such host"
t=2022-08-12T08:19:37-0500 lvl=warn msg="failed to check for update" obj=updater err="Post \"https://update.equinox.io/check\": dial tcp: lookup update.equinox.io: no such host"
t=2022-08-12T08:19:46-0500 lvl=eror msg="failed to reconnect session" obj=csess id=c96dc717faf5 err="Get \"https://s3.amazonaws.com/dns.ngrok.com/tunnel.json\": context deadline exceeded"
t=2022-08-12T08:19:47-0500 lvl=info msg=start pg=/grpc/agent.Web/State id=3d8f8aa3cff0a265
t=2022-08-12T08:19:54-0500 lvl=eror msg="failed to reconnect session" obj=csess id=c96dc717faf5 err="resolved tunnel.sa.ngrok.com has no records"
t=2022-08-12T08:20:15-0500 lvl=eror msg="failed to reconnect session" obj=csess id=c96dc717faf5 err="dial tcp: lookup tunnel.sa.ngrok.com: i/o timeout"
t=2022-08-12T08:20:32-0500 lvl=eror msg="failed to reconnect session" obj=csess id=c96dc717faf5 err="dial tcp: lookup tunnel.sa.ngrok.com: no such host"
t=2022-08-12T08:21:01-0500 lvl=eror msg="failed to reconnect session" obj=csess id=c96dc717faf5 err="dial tcp: lookup tunnel.sa.ngrok.com: no such host"
t=2022-08-12T08:21:32-0500 lvl=info msg="tunnel session started" obj=tunnels.session
t=2022-08-12T08:21:33-0500 lvl=info msg="client session established" obj=csess id=c96dc717faf5
t=2022-08-12T10:10:22-0500 lvl=info msg=end pg=/grpc/agent.Web/State id=3d8f8aa3cff0a265 status=200 dur=1h50m35.0867274s
t=2022-08-12T10:50:17-0500 lvl=eror msg="heartbeat timeout, terminating session" obj=csess id=7134508a314e clientid=596436863ba582760e52245caf0099b9
t=2022-08-12T10:50:17-0500 lvl=eror msg="session closed, starting reconnect loop" obj=csess id=c96dc717faf5 err="session closed"
t=2022-08-12T10:50:17-0500 lvl=eror msg="failed to reconnect session" obj=csess id=c96dc717faf5 err="dial tcp: lookup tunnel.sa.ngrok.com: no such host"
t=2022-08-12T10:50:18-0500 lvl=eror msg="failed to reconnect session" obj=csess id=c96dc717faf5 err="dial tcp: lookup tunnel.sa.ngrok.com: no such host"
t=2022-08-12T10:50:19-0500 lvl=eror msg="failed to reconnect session" obj=csess id=c96dc717faf5 err="Get \"https://dns.google.com/resolve?name=tunnel.sa.ngrok.com&type=AAAA\": dial tcp: lookup dns.google.com: no such host"
t=2022-08-12T10:50:20-0500 lvl=eror msg="failed to reconnect session" obj=csess id=c96dc717faf5 err="Get \"https://s3.amazonaws.com/dns.ngrok.com/tunnel.json\": dial tcp: lookup s3.amazonaws.com: no such host"
t=2022-08-12T10:50:22-0500 lvl=eror msg="failed to reconnect session" obj=csess id=c96dc717faf5 err="resolved tunnel.sa.ngrok.com has no records"
t=2022-08-12T10:50:26-0500 lvl=info msg="tunnel session started" obj=tunnels.session
t=2022-08-12T10:50:26-0500 lvl=info msg="client session established" obj=csess id=c96dc717faf5
t=2022-08-12T10:50:27-0500 lvl=info msg=start pg=/grpc/agent.Web/State id=cf9e4b773abeb28b
