ssh: Could not resolve hostname gitlab.com: Name or service not known
fatal: Could not read from remote repository.

Please make sure you have the correct access rights
and the repository exists.
ssh: Could not resolve hostname gitlab.com: Name or service not known
fatal: Could not read from remote repository.

Please make sure you have the correct access rights
and the repository exists.
ssh: Could not resolve hostname gitlab.com: Name or service not known
fatal: Could not read from remote repository.

Please make sure you have the correct access rights
and the repository exists.
ssh: Could not resolve hostname gitlab.com: Name or service not known
fatal: Could not read from remote repository.

Please make sure you have the correct access rights
and the repository exists.
ssh: Could not resolve hostname gitlab.com: Name or service not known
fatal: Could not read from remote repository.

Please make sure you have the correct access rights
and the repository exists.
ssh: Could not resolve hostname gitlab.com: Name or service not known
fatal: Could not read from remote repository.

Please make sure you have the correct access rights
and the repository exists.
ssh: Could not resolve hostname gitlab.com: Name or service not known
fatal: Could not read from remote repository.

Please make sure you have the correct access rights
and the repository exists.
ssh: Could not resolve hostname gitlab.com: Name or service not known
fatal: Could not read from remote repository.

Please make sure you have the correct access rights
and the repository exists.
ssh: Could not resolve hostname gitlab.com: Name or service not known
fatal: Could not read from remote repository.

Please make sure you have the correct access rights
and the repository exists.
ssh: Could not resolve hostname gitlab.com: Name or service not known
fatal: Could not read from remote repository.

Please make sure you have the correct access rights
and the repository exists.
ssh: Could not resolve hostname gitlab.com: Name or service not known
fatal: Could not read from remote repository.

Please make sure you have the correct access rights
and the repository exists.
ssh: Could not resolve hostname gitlab.com: Name or service not known
fatal: Could not read from remote repository.

Please make sure you have the correct access rights
and the repository exists.
ssh: Could not resolve hostname gitlab.com: Name or service not known
fatal: Could not read from remote repository.

Please make sure you have the correct access rights
and the repository exists.
ssh: Could not resolve hostname gitlab.com: Name or service not known
fatal: Could not read from remote repository.

Please make sure you have the correct access rights
and the repository exists.
ssh: Could not resolve hostname gitlab.com: Name or service not known
fatal: Could not read from remote repository.

Please make sure you have the correct access rights
and the repository exists.
ssh: Could not resolve hostname gitlab.com: Name or service not known
fatal: Could not read from remote repository.

Please make sure you have the correct access rights
and the repository exists.
ssh: Could not resolve hostname gitlab.com: Name or service not known
fatal: Could not read from remote repository.

Please make sure you have the correct access rights
and the repository exists.
warning: LF will be replaced by CRLF in Udemy/7.Docker Compose/93_lamp_full/data/mysql/ib_buffer_pool.
The file will have its original line endings in your working directory
ssh: Could not resolve hostname gitlab.com: Name or service not known
fatal: Could not read from remote repository.

Please make sure you have the correct access rights
and the repository exists.
ssh: Could not resolve hostname gitlab.com: Name or service not known
fatal: Could not read from remote repository.

Please make sure you have the correct access rights
and the repository exists.
ssh: Could not resolve hostname gitlab.com: Name or service not known
fatal: Could not read from remote repository.

Please make sure you have the correct access rights
and the repository exists.
ssh: Could not resolve hostname gitlab.com: Name or service not known
fatal: Could not read from remote repository.

Please make sure you have the correct access rights
and the repository exists.
ssh: Could not resolve hostname gitlab.com: Name or service not known
fatal: Could not read from remote repository.

Please make sure you have the correct access rights
and the repository exists.
ssh: Could not resolve hostname gitlab.com: Name or service not known
fatal: Could not read from remote repository.

Please make sure you have the correct access rights
and the repository exists.
ssh: Could not resolve hostname gitlab.com: Name or service not known
fatal: Could not read from remote repository.

Please make sure you have the correct access rights
and the repository exists.
ssh: Could not resolve hostname gitlab.com: Name or service not known
fatal: Could not read from remote repository.

Please make sure you have the correct access rights
and the repository exists.
ssh: Could not resolve hostname gitlab.com: Name or service not known
fatal: Could not read from remote repository.

Please make sure you have the correct access rights
and the repository exists.
ssh: Could not resolve hostname gitlab.com: Name or service not known
fatal: Could not read from remote repository.

Please make sure you have the correct access rights
and the repository exists.
ssh: Could not resolve hostname gitlab.com: Name or service not known
fatal: Could not read from remote repository.

Please make sure you have the correct access rights
and the repository exists.
ssh: Could not resolve hostname gitlab.com: Name or service not known
fatal: Could not read from remote repository.

Please make sure you have the correct access rights
and the repository exists.
ssh: Could not resolve hostname gitlab.com: Name or service not known
fatal: Could not read from remote repository.

Please make sure you have the correct access rights
and the repository exists.
ssh: Could not resolve hostname gitlab.com: Name or service not known
fatal: Could not read from remote repository.

Please make sure you have the correct access rights
and the repository exists.
ssh: Could not resolve hostname gitlab.com: Name or service not known
fatal: Could not read from remote repository.

Please make sure you have the correct access rights
and the repository exists.
ssh: Could not resolve hostname gitlab.com: Name or service not known
fatal: Could not read from remote repository.

Please make sure you have the correct access rights
and the repository exists.
warning: LF will be replaced by CRLF in bacup_repos_git/logHistory.log.
The file will have its original line endings in your working directory
warning: LF will be replaced by CRLF in bacup_repos_git/start.sh.
The file will have its original line endings in your working directory
warning: LF will be replaced by CRLF in bacup_repos_git/errores.log.
The file will have its original line endings in your working directory
warning: LF will be replaced by CRLF in bacup_repos_git/errores.log.
The file will have its original line endings in your working directory
warning: LF will be replaced by CRLF in bacup_repos_git/logHistory.log.
The file will have its original line endings in your working directory
ssh: Could not resolve hostname gitlab.com: Name or service not known
fatal: Could not read from remote repository.

Please make sure you have the correct access rights
and the repository exists.
ssh: Could not resolve hostname gitlab.com: Name or service not known
fatal: Could not read from remote repository.

Please make sure you have the correct access rights
and the repository exists.
ssh: Could not resolve hostname gitlab.com: Name or service not known
fatal: Could not read from remote repository.

Please make sure you have the correct access rights
and the repository exists.
ssh: Could not resolve hostname gitlab.com: Name or service not known
fatal: Could not read from remote repository.

Please make sure you have the correct access rights
and the repository exists.
ssh: Could not resolve hostname gitlab.com: Name or service not known
fatal: Could not read from remote repository.

Please make sure you have the correct access rights
and the repository exists.
ssh: Could not resolve hostname gitlab.com: Name or service not known
fatal: Could not read from remote repository.

Please make sure you have the correct access rights
and the repository exists.
ssh: Could not resolve hostname gitlab.com: Name or service not known
fatal: Could not read from remote repository.

Please make sure you have the correct access rights
and the repository exists.
ssh: Could not resolve hostname gitlab.com: Name or service not known
fatal: Could not read from remote repository.

Please make sure you have the correct access rights
and the repository exists.
ssh: Could not resolve hostname gitlab.com: Name or service not known
fatal: Could not read from remote repository.

Please make sure you have the correct access rights
and the repository exists.
ssh: Could not resolve hostname gitlab.com: Name or service not known
fatal: Could not read from remote repository.

Please make sure you have the correct access rights
and the repository exists.
ssh: Could not resolve hostname gitlab.com: Name or service not known
fatal: Could not read from remote repository.

Please make sure you have the correct access rights
and the repository exists.
ssh: Could not resolve hostname gitlab.com: Name or service not known
fatal: Could not read from remote repository.

Please make sure you have the correct access rights
and the repository exists.
ssh: Could not resolve hostname gitlab.com: Name or service not known
fatal: Could not read from remote repository.

Please make sure you have the correct access rights
and the repository exists.
ssh: Could not resolve hostname gitlab.com: Name or service not known
fatal: Could not read from remote repository.

Please make sure you have the correct access rights
and the repository exists.
ssh: Could not resolve hostname gitlab.com: Name or service not known
fatal: Could not read from remote repository.

Please make sure you have the correct access rights
and the repository exists.
ssh: Could not resolve hostname gitlab.com: Name or service not known
fatal: Could not read from remote repository.

Please make sure you have the correct access rights
and the repository exists.
ssh: Could not resolve hostname gitlab.com: Name or service not known
fatal: Could not read from remote repository.

Please make sure you have the correct access rights
and the repository exists.
ssh: Could not resolve hostname github.com: Name or service not known
fatal: Could not read from remote repository.

Please make sure you have the correct access rights
and the repository exists.
ssh: Could not resolve hostname github.com: Name or service not known
fatal: Could not read from remote repository.

Please make sure you have the correct access rights
and the repository exists.
ssh: Could not resolve hostname gitlab.com: Name or service not known
fatal: Could not read from remote repository.

Please make sure you have the correct access rights
and the repository exists.
ssh: Could not resolve hostname gitlab.com: Name or service not known
fatal: Could not read from remote repository.

Please make sure you have the correct access rights
and the repository exists.
ssh: Could not resolve hostname gitlab.com: Name or service not known
fatal: Could not read from remote repository.

Please make sure you have the correct access rights
and the repository exists.
ssh: Could not resolve hostname gitlab.com: Name or service not known
fatal: Could not read from remote repository.

Please make sure you have the correct access rights
and the repository exists.
ssh: Could not resolve hostname gitlab.com: Name or service not known
fatal: Could not read from remote repository.

Please make sure you have the correct access rights
and the repository exists.
ssh: Could not resolve hostname gitlab.com: Name or service not known
fatal: Could not read from remote repository.

Please make sure you have the correct access rights
and the repository exists.
ssh: Could not resolve hostname gitlab.com: Name or service not known
fatal: Could not read from remote repository.

Please make sure you have the correct access rights
and the repository exists.
ssh: Could not resolve hostname gitlab.com: Name or service not known
fatal: Could not read from remote repository.

Please make sure you have the correct access rights
and the repository exists.
ssh: Could not resolve hostname gitlab.com: Name or service not known
fatal: Could not read from remote repository.

Please make sure you have the correct access rights
and the repository exists.
ssh: Could not resolve hostname gitlab.com: Name or service not known
fatal: Could not read from remote repository.

Please make sure you have the correct access rights
and the repository exists.
ssh: Could not resolve hostname github.com: Name or service not known
fatal: Could not read from remote repository.

Please make sure you have the correct access rights
and the repository exists.
ssh: Could not resolve hostname github.com: Name or service not known
fatal: Could not read from remote repository.

Please make sure you have the correct access rights
and the repository exists.
ssh: Could not resolve hostname gitlab.com: Name or service not known
fatal: Could not read from remote repository.

Please make sure you have the correct access rights
and the repository exists.
ssh: Could not resolve hostname gitlab.com: Name or service not known
fatal: Could not read from remote repository.

Please make sure you have the correct access rights
and the repository exists.
ssh: Could not resolve hostname gitlab.com: Name or service not known
fatal: Could not read from remote repository.

Please make sure you have the correct access rights
and the repository exists.
ssh: Could not resolve hostname gitlab.com: Name or service not known
fatal: Could not read from remote repository.

Please make sure you have the correct access rights
and the repository exists.
ssh: Could not resolve hostname gitlab.com: Name or service not known
fatal: Could not read from remote repository.

Please make sure you have the correct access rights
and the repository exists.
ssh: Could not resolve hostname gitlab.com: Name or service not known
fatal: Could not read from remote repository.

Please make sure you have the correct access rights
and the repository exists.
ssh: Could not resolve hostname gitlab.com: Name or service not known
fatal: Could not read from remote repository.

Please make sure you have the correct access rights
and the repository exists.
ssh: Could not resolve hostname gitlab.com: Name or service not known
fatal: Could not read from remote repository.

Please make sure you have the correct access rights
and the repository exists.
ssh: Could not resolve hostname gitlab.com: Name or service not known
fatal: Could not read from remote repository.

Please make sure you have the correct access rights
and the repository exists.
ssh: Could not resolve hostname gitlab.com: Name or service not known
fatal: Could not read from remote repository.

Please make sure you have the correct access rights
and the repository exists.
ssh: Could not resolve hostname gitlab.com: Name or service not known
fatal: Could not read from remote repository.

Please make sure you have the correct access rights
and the repository exists.
ssh: Could not resolve hostname gitlab.com: Name or service not known
fatal: Could not read from remote repository.

Please make sure you have the correct access rights
and the repository exists.
ssh: Could not resolve hostname gitlab.com: Name or service not known
fatal: Could not read from remote repository.

Please make sure you have the correct access rights
and the repository exists.
ssh: Could not resolve hostname gitlab.com: Name or service not known
fatal: Could not read from remote repository.

Please make sure you have the correct access rights
and the repository exists.
ssh: Could not resolve hostname gitlab.com: Name or service not known
fatal: Could not read from remote repository.

Please make sure you have the correct access rights
and the repository exists.
ssh: Could not resolve hostname gitlab.com: Name or service not known
fatal: Could not read from remote repository.

Please make sure you have the correct access rights
and the repository exists.
ssh: Could not resolve hostname gitlab.com: Name or service not known
fatal: Could not read from remote repository.

Please make sure you have the correct access rights
and the repository exists.
ssh: Could not resolve hostname gitlab.com: Name or service not known
fatal: Could not read from remote repository.

Please make sure you have the correct access rights
and the repository exists.
bash: slepp: command not found
bash: cesar: command not found
From gitlab.com:perucaos/curso_android
 * branch            master     -> FETCH_HEAD
Everything up-to-date
From gitlab.com:perucaos/curso_kubernetes
 * branch            master     -> FETCH_HEAD
Everything up-to-date
From gitlab.com:perucaos/curso_autoplay_media_studio
 * branch            master     -> FETCH_HEAD
Everything up-to-date
From gitlab.com:perucaos/curso_csharp
 * branch            master     -> FETCH_HEAD
Everything up-to-date
From gitlab.com:perucaos/curso_chrome_extensiones
 * branch            master     -> FETCH_HEAD
Everything up-to-date
From gitlab.com:perucaos/curso_djando_login
 * branch            master     -> FETCH_HEAD
Everything up-to-date
From gitlab.com:perucaos/curso_django_codigo_facilito
 * branch            master     -> FETCH_HEAD
Everything up-to-date
From gitlab.com:perucaos/curso_django_entorno_virtual
 * branch            master     -> FETCH_HEAD
Everything up-to-date
From gitlab.com:perucaos/curso_docker
 * branch            master     -> FETCH_HEAD
To gitlab.com:perucaos/curso_docker.git
   7124056..2e0c5c9  master -> master
From gitlab.com:perucaos/curso_excel
 * branch            master     -> FETCH_HEAD
Everything up-to-date
From gitlab.com:perucaos/curso_dos_batch
 * branch            master     -> FETCH_HEAD
Everything up-to-date
From gitlab.com:perucaos/curso_efectos_matrix
 * branch            master     -> FETCH_HEAD
Everything up-to-date
From gitlab.com:perucaos/curso_firebase
 * branch            master     -> FETCH_HEAD
Everything up-to-date
From gitlab.com:perucaos/curso_javascript
 * branch            master     -> FETCH_HEAD
Everything up-to-date
From gitlab.com:perucaos/curso_nextjs
 * branch            master     -> FETCH_HEAD
Everything up-to-date
From gitlab.com:perucaos/curso_nodejs_mongo
 * branch            master     -> FETCH_HEAD
